[handleMsg]:  {
  key: {
    remoteJid: '5493515924253@s.whatsapp.net',
    fromMe: false,
    id: '3EB0EF68DEC31B04FA1732',
    participant: undefined
  },
  messageTimestamp: 1679599133,
  pushName: 'Martín',
  message: Message {
    conversation: 'asd',
    messageContextInfo: MessageContextInfo {
      deviceListMetadata: [DeviceListMetadata],
      deviceListMetadataVersion: 2
    }
  },
  body: 'asd',
  from: '5493515924253'
}
[handleMsg]:  {
  key: {
    remoteJid: '5493515924253@s.whatsapp.net',
    fromMe: false,
    id: '3EB012F4882259B50EA856',
    participant: undefined
  },
  messageTimestamp: 1679599139,
  pushName: 'Martín',
  message: Message {
    imageMessage: ImageMessage {
      interactiveAnnotations: [],
      scanLengths: [],
      url: 'https://mmg.whatsapp.net/o1/v/t62.7118-24/f1/m233/up-oil-image-e594708d-2a78-443b-81c0-128b4dbd3f6c?ccb=9-4&oh=01_AdQZxbVNoEMf209XajlffbP64-TBC_VfBvBLkLblmBd1Vg&oe=6443EF48&mms3=true',
      mimetype: 'image/jpeg',
      caption: '',
      fileSha256: [Uint8Array],
      fileLength: [Long],
      height: 1600,
      width: 900,
      mediaKey: [Uint8Array],
      fileEncSha256: [Uint8Array],
      directPath: '/o1/v/t62.7118-24/f1/m233/up-oil-image-e594708d-2a78-443b-81c0-128b4dbd3f6c?ccb=9-4&oh=01_AdQZxbVNoEMf209XajlffbP64-TBC_VfBvBLkLblmBd1Vg&oe=6443EF48',
      mediaKeyTimestamp: [Long],
      jpegThumbnail: [Uint8Array],
      contextInfo: [ContextInfo],
      viewOnce: false
    },
    messageContextInfo: MessageContextInfo {
      deviceListMetadata: [DeviceListMetadata],
      deviceListMetadataVersion: 2
    }
  },
  body: '_event_media__e017735f-2689-4545-89d0-71bd29a1d55f',
  from: '5493515924253'
}
